<?xml version="1.0" encoding="utf-8"?><testsuites name="pytest tests"><testsuite name="pytest" errors="0" failures="0" skipped="0" tests="41" time="6.513" timestamp="2026-09-19T20:31:10.259390+05:00" hostname="Titan"><testcase classname="tests.test_evaluation" name="test_dates_grouped_and_label_intervals_purged_all_stages" time="0.064" /><testcase classname="tests.test_evaluation" name="test_final_test_reserved_and_separate" time="0.026" /><testcase classname="tests.test_evaluation" name="test_metrics_support_zero_selection_and_natural_unchanged" time="0.105" /><testcase classname="tests.test_evaluation" name="test_preprocessing_and_calibration_are_separate" time="0.071" /><testcase classname="tests.test_evaluation" name="test_selection_requires_declared_support" time="0.036" /><testcase classname="tests.test_evaluation" name="test_selection_can_fit_within_63_dates_without_validating_accuracy" time="0.231" /><testcase classname="tests.test_evaluation" name="test_frozen_protocol_without_tuning_section_preserves_original_gate" time="0.030" /><testcase classname="tests.test_evaluation" name="test_rolling_blocks_keep_whole_dates_and_every_company_together" time="0.046" /><testcase classname="tests.test_evaluation" name="test_rolling_blocks_reject_invalid_lengths[0]" time="0.021" /><testcase classname="tests.test_evaluation" name="test_rolling_blocks_reject_invalid_lengths[-1]" time="0.021" /><testcase classname="tests.test_evaluation" name="test_rolling_blocks_reject_invalid_lengths[1.5]" time="0.017" /><testcase classname="tests.test_evaluation" name="test_fixture_model_cannot_promote" time="0.036" /><testcase classname="tests.test_issuance" name="test_issue_rerun_keeps_original_and_missed_boundary_rejected" time="0.063" /><testcase classname="tests.test_issuance" name="test_partial_publish_preserves_previous_pointer" time="0.196" /><testcase classname="tests.test_issuance" name="test_stale_required_price_cannot_issue_probability" time="0.050" /><testcase classname="tests.test_issuance" name="test_forward_deterioration_suppresses_new_issuance" time="0.049" /><testcase classname="tests.test_issuance" name="test_company_exposure_missing_is_distinct_from_zero" time="0.011" /><testcase classname="tests.test_operations" name="test_http200_error_page_is_failure" time="0.005" /><testcase classname="tests.test_operations" name="test_http_retry_is_bounded_and_no_credentials_logged" time="0.007" /><testcase classname="tests.test_operations" name="test_live_collection_gate_is_closed" time="0.099" /><testcase classname="tests.test_operations" name="test_snapshot_vintages_and_tamper" time="0.166" /><testcase classname="tests.test_operations" name="test_ledger_is_immutable_and_idempotent" time="0.019" /><testcase classname="tests.test_operations" name="test_invalid_probabilities_models_and_backdating" time="0.007" /><testcase classname="tests.test_operations" name="test_outcomes_append_mature_once_and_correct_separately" time="0.072" /><testcase classname="tests.test_operations" name="test_publication_integrity_and_rollback" time="0.201" /><testcase classname="tests.test_operations" name="test_permission_and_private_payload_block_publication" time="0.149" /><testcase classname="tests.test_operations" name="test_backup_restore_verified_snapshot" time="0.288" /><testcase classname="tests.test_operations" name="test_budget_cap_and_recovery_without_fake_success" time="0.045" /><testcase classname="tests.test_timing_and_data" name="test_future_release_and_revision_cannot_enter_past_feature" time="0.002" /><testcase classname="tests.test_timing_and_data" name="test_zero_not_missing_and_historical_evidence_required" time="0.003" /><testcase classname="tests.test_timing_and_data" name="test_calendar_has_holiday_friday_and_coverage" time="0.009" /><testcase classname="tests.test_timing_and_data" name="test_five_session_label_never_matures_early" time="0.015" /><testcase classname="tests.test_timing_and_data" name="test_documented_corporate_action_factors[split-2-extra0-0.5]" time="0.003" /><testcase classname="tests.test_timing_and_data" name="test_documented_corporate_action_factors[bonus-0.25-extra1-0.8]" time="0.003" /><testcase classname="tests.test_timing_and_data" name="test_documented_corporate_action_factors[rights-0.5-extra2-0.8333333333333334]" time="0.004" /><testcase classname="tests.test_timing_and_data" name="test_documented_corporate_action_factors[cash_dividend-5-extra3-1]" time="0.003" /><testcase classname="tests.test_timing_and_data" name="test_future_and_unresolved_actions" time="0.005" /><testcase classname="tests.test_timing_and_data" name="test_missing_no_trade_unchanged_distinct" time="0.006" /><testcase classname="tests.test_timing_and_data" name="test_missing_or_future_required_price_suppresses_feature" time="0.018" /><testcase classname="tests.test_timing_and_data" name="test_quality_rejects_duplicate_wrong_basis_and_error_ohlc" time="0.034" /><testcase classname="tests.test_timing_and_data" name="test_membership_is_point_in_time" time="0.004" /></testsuite></testsuites>